Arguments: 
  /Users/ilyas/.nvm/versions/node/v8.11.1/bin/node /Users/ilyas/.yarn/bin/yarn.js server.js

PATH: 
  /Users/ilyas/.yarn/bin:/Users/ilyas/.config/yarn/global/node_modules/.bin:/Users/ilyas/.nvm/versions/node/v8.11.1/bin:/Users/ilyas/anaconda/bin:/Library/Frameworks/Python.framework/Versions/3.6/bin:/usr/local/bin:/usr/bin:/bin:/usr/sbin:/sbin:/Library/TeX/texbin:/usr/local/share/dotnet:/opt/X11/bin:/Library/Frameworks/Mono.framework/Versions/Current/Commands:/Applications/Xamarin Workbooks.app/Contents/SharedSupport/path-bin

Yarn version: 
  1.5.1

Node version: 
  8.11.1

Platform: 
  darwin x64

npm manifest: 
  {
    "name": "webprogramming-react",
    "version": "1.0.0",
    "description": "Ecommerce demo app using node and react.",
    "main": "server.js",
    "scripts": {
      "test": "echo \"Error: no test specified\" && exit 1"
    },
    "keywords": [
      "node",
      "react",
      "mongodb"
    ],
    "author": "Yiliyasi Aboduaini",
    "license": "MIT"
  }

yarn manifest: 
  No manifest

Lockfile: 
  No lockfile

Trace: 
  Error: Command "server.js" not found.
      at new MessageError (/Users/ilyas/.yarn/lib/cli.js:186:110)
      at /Users/ilyas/.yarn/lib/cli.js:87307:17
      at Generator.next (<anonymous>)
      at step (/Users/ilyas/.yarn/lib/cli.js:98:30)
      at /Users/ilyas/.yarn/lib/cli.js:116:14
      at new Promise (<anonymous>)
      at new F (/Users/ilyas/.yarn/lib/cli.js:23451:28)
      at /Users/ilyas/.yarn/lib/cli.js:95:12
      at runCommand (/Users/ilyas/.yarn/lib/cli.js:87312:22)
      at Object.<anonymous> (/Users/ilyas/.yarn/lib/cli.js:87412:14)
